<?xml version="1.0" encoding="UTF-8"?>
<testExecutions version="1">
  <file path="C:\React Practice\blinkist-app\src\components\atoms\Icons\index.test.tsx">
    <testCase name="renders learn react link" duration="89"/>
  </file>
  <file path="C:\React Practice\blinkist-app\src\components\organisms\Card\index.test.tsx">
    <testCase name="renders learn react link" duration="229"/>
    <testCase name="Render Add To Library on null status" duration="208"/>
    <testCase name="Render Progress Bar on Reading Status" duration="67"/>
  </file>
  <file path="C:\React Practice\blinkist-app\src\components\molecules\SearchBar\index.test.tsx">
    <testCase name="renders learn react link" duration="260"/>
  </file>
  <file path="C:\React Practice\blinkist-app\src\components\molecules\Tabs\index.test.tsx">
    <testCase name="should render 2 tabw for 2 length data" duration="93"/>
    <testCase name="should have green indicator color for currently reading tab by default" duration="85"/>
  </file>
  <file path="C:\React Practice\blinkist-app\src\components\atoms\Typography\index.test.tsx">
    <testCase name="renders learn react link" duration="14"/>
  </file>
  <file path="C:\React Practice\blinkist-app\src\components\atoms\ProgressBar\index.test.tsx">
    <testCase name="renders learn react link" duration="204"/>
    <testCase name="should render progress bar with given value" duration="39"/>
  </file>
  <file path="C:\React Practice\blinkist-app\src\components\organisms\Footer\index.test.tsx">
    <testCase name="renders learn react link" duration="149"/>
  </file>
  <file path="C:\React Practice\blinkist-app\src\components\atoms\Logo\index.test.tsx">
    <testCase name="renders learn react link" duration="11"/>
  </file>
  <file path="C:\React Practice\blinkist-app\src\components\Pages\Enterpreneurship\index.test.tsx">
    <testCase name="Home should render input" duration="2846"/>
  </file>
  <file path="C:\React Practice\blinkist-app\src\components\atoms\Avatar\index.test.tsx">
    <testCase name="renders learn react link" duration="31"/>
  </file>
  <file path="C:\React Practice\blinkist-app\src\components\molecules\Button\index.test.tsx">
    <testCase name="renders learn react link" duration="136"/>
  </file>
  <file path="C:\React Practice\blinkist-app\src\components\molecules\Banner\index.test.tsx">
    <testCase name="renders learn react link" duration="15"/>
  </file>
  <file path="C:\React Practice\blinkist-app\src\components\atoms\Images\index.test.tsx">
    <testCase name="renders learn react link" duration="26"/>
  </file>
  <file path="C:\React Practice\blinkist-app\src\components\organisms\Header\index.test.tsx">
    <testCase name="renders learn react link" duration="128"/>
  </file>
  <file path="C:\React Practice\blinkist-app\src\components\Pages\MyLibrary\index.test.tsx">
    <testCase name="Home should render same no of finished books" duration="569"/>
    <testCase name="Home should render same no of currently books" duration="1312">
      <failure message="Error: Unable to find role=&quot;progressbar&quot;"><![CDATA[Error: Unable to find role="progressbar"

Ignored nodes: comments, <script />, <style />
<body>
  <div>
    <div
      class="MuiBox-root MuiBox-root-6"
    >
      <h1
        class="MuiTypography-root MuiTypography-h1 css-11ocjh4-MuiTypography-root"
        data-testid="typo"
      >
        My library
      </h1>
      <div
        class="MuiBox-root MuiBox-root-7"
      >
        <div
          class="makeStyles-tabs-8 MuiBox-root css-1gsv261"
        >
          <div
            class="MuiTabs-root css-1dfm0b0-MuiTabs-root"
            data-testid="tabs"
          >
            <div
              class="MuiTabs-scroller MuiTabs-fixed css-jpln7h-MuiTabs-scroller"
              style="overflow: hidden; margin-bottom: 0px;"
            >
              <div
                class="MuiTabs-flexContainer css-heg063-MuiTabs-flexContainer"
                role="tablist"
              >
                <button
                  aria-selected="false"
                  class="MuiButtonBase-root MuiTab-root MuiTab-textColorSecondary css-1xlyk3o-MuiButtonBase-root-MuiTab-root"
                  data-testid="tab-0"
                  role="tab"
                  tabindex="-1"
                  type="button"
                >
                  Currently reading
                  <span
                    class="MuiTouchRipple-root css-8je8zh-MuiTouchRipple-root"
                  />
                </button>
                <button
                  aria-selected="true"
                  class="MuiButtonBase-root MuiTab-root MuiTab-textColorSecondary Mui-selected css-1xlyk3o-MuiButtonBase-root-MuiTab-root"
                  data-testid="tab-1"
                  role="tab"
                  tabindex="0"
                  type="button"
                >
                  Finished
                  <span
                    class="MuiTouchRipple-root css-8je8zh-MuiTouchRipple-root"
                  />
                </button>
              </div>
              <span
                class="MuiTabs-indicator css-nuqw77-MuiTabs-indicator"
                style="left: 0px; width: 0px;"
              />
            </div>
          </div>
        </div>
        <div
          class="MuiBox-root MuiBox-root-9"
        >
          <div
            class="makeStyles-Rectangle3-20 MuiBox-root css-0"
          >
            <div
              class="MuiBox-root css-0"
            >
              <a
                href="/book-info/2"
              >
                <img
                  alt="not found"
                  class=""
                  data-testid="img"
                  height="282px"
                  src="/Assets/11.png"
                  width="287px"
                />
              </a>
            </div>
            <p
              class="MuiTypography-root MuiTypography-body1 makeStyles-HumanToWork-21 css-imro8o-MuiTypography-root"
              data-testid="typo"
            >
              Employee to Entrepreneur
            </p>
            <p
              class="MuiTypography-root MuiTypography-body1 makeStyles-Author-22 css-imro8o-MuiTypography-root"
              data-testid="typo"
            >
              Steve Glaveski
            </p>
            <div
              class="makeStyles-Group6-24 MuiBox-root css-0"
            >
              <div
                class="makeStyles-imageContainer-27 MuiBox-root css-0"
              >
                <div
                  class="makeStyles-TimeIconContainer-25 MuiBox-root css-0"
                >
                  <div
                    data-testid="box"
                  >
                    <svg
                      aria-hidden="true"
                      class="MuiSvgIcon-root MuiSvgIcon-fontSizeMedium makeStyles-TimeIcon-23 css-i4bv87-MuiSvgIcon-root"
                      data-testid="AccessTimeOutlinedIcon"
                      focusable="false"
                      viewBox="0 0 24 24"
                    >
                      <path
                        d="M11.99 2C6.47 2 2 6.48 2 12s4.47 10 9.99 10C17.52 22 22 17.52 22 12S17.52 2 11.99 2zM12 20c-4.42 0-8-3.58-8-8s3.58-8 8-8 8 3.58 8 8-3.58 8-8 8zm.5-13H11v6l5.25 3.15.75-1.23-4.5-2.67z"
                      />
                    </svg>
                  </div>
                </div>
              </div>
            </div>
            <span
              class="MuiTypography-root MuiTypography-caption makeStyles-MinuteRead-26 css-8tvgdj-MuiTypography-root"
              data-testid="typo"
            >
              13-minute read
            </span>
            <div
              class="makeStyles-frame7-30 MuiBox-root css-0"
            >
              <span
                class="MuiTypography-root MuiTypography-caption makeStyles-reads-31 css-8tvgdj-MuiTypography-root"
                data-testid="typo"
              >
                1.9k reads
              </span>
              <div
                class="makeStyles-UserContainer-28 MuiBox-root css-0"
              >
                <div
                  class="makeStyles-uservector-32 MuiBox-root css-0"
                >
                  <div
                    data-testid="box"
                  >
                    <svg
                      aria-hidden="true"
                      class="MuiSvgIcon-root MuiSvgIcon-fontSizeMedium makeStyles-usericon-29 css-i4bv87-MuiSvgIcon-root"
                      data-testid="PersonOutlineIcon"
                      focusable="false"
                      viewBox="0 0 24 24"
                    >
                      <path
                        d="M12 5.9c1.16 0 2.1.94 2.1 2.1s-.94 2.1-2.1 2.1S9.9 9.16 9.9 8s.94-2.1 2.1-2.1m0 9c2.97 0 6.1 1.46 6.1 2.1v1.1H5.9V17c0-.64 3.13-2.1 6.1-2.1M12 4C9.79 4 8 5.79 8 8s1.79 4 4 4 4-1.79 4-4-1.79-4-4-4zm0 9c-2.67 0-8 1.34-8 4v3h16v-3c0-2.66-5.33-4-8-4z"
                      />
                    </svg>
                  </div>
                </div>
              </div>
            </div>
            <div
              class="makeStyles-button-38 MuiBox-root css-0"
            >
              <button
                class="MuiButton-root MuiButton-text MuiButton-textPrimary MuiButton-sizeMedium MuiButton-textSizeMedium MuiButtonBase-root makeStyles-buttonStyle-40 css-aysoqb-MuiButtonBase-root-MuiButton-root"
                data-testid="box"
                tabindex="0"
                type="button"
              >
                <span
                  class="MuiButton-startIcon MuiButton-iconSizeMedium css-1d6wzja-MuiButton-startIcon"
                >
                  <svg
                    aria-hidden="true"
                    class="MuiSvgIcon-root MuiSvgIcon-fontSizeMedium css-i4bv87-MuiSvgIcon-root"
                    data-testid="AddIcon"
                    focusable="false"
                    viewBox="0 0 24 24"
                  >
                    <path
                      d="M19 13h-6v6h-2v-6H5v-2h6V5h2v6h6v2z"
                    />
                  </svg>
                </span>
                Read Again
                <span
                  class="MuiTouchRipple-root css-8je8zh-MuiTouchRipple-root"
                />
              </button>
            </div>
          </div>
          <div
            class="makeStyles-Rectangle3-20 MuiBox-root css-0"
          >
            <div
              class="MuiBox-root css-0"
            >
              <a
                href="/book-info/4"
              >
                <img
                  alt="not found"
                  class=""
                  data-testid="img"
                  height="282px"
                  src="/Assets/5.png"
                  width="287px"
                />
              </a>
            </div>
            <p
              class="MuiTypography-root MuiTypography-body1 makeStyles-HumanToWork-21 css-imro8o-MuiTypography-root"
              data-testid="typo"
            >
              Lives of the Stoics
            </p>
            <p
              class="MuiTypography-root MuiTypography-body1 makeStyles-Author-22 css-imro8o-MuiTypography-root"
              data-testid="typo"
            >
              Ryan Holiday, Stephen Hansel
            </p>
            <div
              class="makeStyles-Group6-24 MuiBox-root css-0"
            >
              <div
                class="makeStyles-imageContainer-27 MuiBox-root css-0"
              >
                <div
                  class="makeStyles-TimeIconContainer-25 MuiBox-root css-0"
                >
                  <div
                    data-testid="box"
                  >
                    <svg
                      aria-hidden="true"
                      class="MuiSvgIcon-root MuiSvgIcon-fontSizeMedium makeStyles-TimeIcon-23 css-i4bv87-MuiSvgIcon-root"
                      data-testid="AccessTimeOutlinedIcon"
                      focusable="false"
                      viewBox="0 0 24 24"
                    >
                      <path
                        d="M11.99 2C6.47 2 2 6.48 2 12s4.47 10 9.99 10C17.52 22 22 17.52 22 12S17.52 2 11.99 2zM12 20c-4.42 0-8-3.58-8-8s3.58-8 8-8 8 3.58 8 8-3.58 8-8 8zm.5-13H11v6l5.25 3.15.75-1.23-4.5-2.67z"
                      />
                    </svg>
                  </div>
                </div>
              </div>
            </div>
            <span
              class="MuiTypography-root MuiTypography-caption makeStyles-MinuteRead-26 css-8tvgdj-MuiTypography-root"
              data-testid="typo"
            >
              13-minute read
            </span>
            <div
              class="makeStyles-frame7-30 MuiBox-root css-0"
            >
              <span
                class="MuiTypography-root MuiTypography-caption makeStyles-reads-31 css-8tvgdj-MuiTypography-root"
                data-testid="typo"
              >
                1.9k reads
              </span>
              <div
                class="makeStyles-UserContainer-28 MuiBox-root css-0"
              >
                <div
                  class="makeStyles-uservector-32 MuiBox-root css-0"
                >
                  <div
                    data-testid="box"
                  >
                    <svg
                      aria-hidden="true"
                      class="MuiSvgIcon-root MuiSvgIcon-fontSizeMedium makeStyles-usericon-29 css-i4bv87-MuiSvgIcon-root"
                      data-testid="PersonOutlineIcon"
                      focusable="false"
                      viewBox="0 0 24 24"
                    >
                      <path
                        d="M12 5.9c1.16 0 2.1.94 2.1 2.1s-.94 2.1-2.1 2.1S9.9 9.16 9.9 8s.94-2.1 2.1-2.1m0 9c2.97 0 6.1 1.46 6.1 2.1v1.1H5.9V17c0-.64 3.13-2.1 6.1-2.1M12 4C9.79 4 8 5.79 8 8s1.79 4 4 4 4-1.79 4-4-1.79-4-4-4zm0 9c-2.67 0-8 1.34-8 4v3h16v-3c0-2.66-5.33-4-8-4z"
                      />
                    </svg>
                  </div>
                </div>
              </div>
            </div>
            <div
              class="makeStyles-button-38 MuiBox-root css-0"
            >
              <button
                class="MuiButton-root MuiButton-text MuiButton-textPrimary MuiButton-sizeMedium MuiButton-textSizeMedium MuiButtonBase-root makeStyles-buttonStyle-40 css-aysoqb-MuiButtonBase-root-MuiButton-root"
                data-testid="box"
                tabindex="0"
                type="button"
              >
                <span
                  class="MuiButton-startIcon MuiButton-iconSizeMedium css-1d6wzja-MuiButton-startIcon"
                >
                  <svg
                    aria-hidden="true"
                    class="MuiSvgIcon-root MuiSvgIcon-fontSizeMedium css-i4bv87-MuiSvgIcon-root"
                    data-testid="AddIcon"
                    focusable="false"
                    viewBox="0 0 24 24"
                  >
                    <path
                      d="M19 13h-6v6h-2v-6H5v-2h6V5h2v6h6v2z"
                    />
                  </svg>
                </span>
                Read Again
                <span
                  class="MuiTouchRipple-root css-8je8zh-MuiTouchRipple-root"
                />
              </button>
            </div>
          </div>
        </div>
      </div>
    </div>
  </div>
</body>
    at waitForWrapper (C:\React Practice\blinkist-app\node_modules\@testing-library\dom\dist\wait-for.js:187:27)
    at findAllByRole (C:\React Practice\blinkist-app\node_modules\@testing-library\dom\dist\query-helpers.js:101:33)
    at Object.<anonymous> (C:\React Practice\blinkist-app\src\components\Pages\MyLibrary\index.test.tsx:42:45)
    at Promise.then.completed (C:\React Practice\blinkist-app\node_modules\jest-circus\build\utils.js:391:28)
    at new Promise (<anonymous>)
    at callAsyncCircusFn (C:\React Practice\blinkist-app\node_modules\jest-circus\build\utils.js:316:10)
    at _callCircusTest (C:\React Practice\blinkist-app\node_modules\jest-circus\build\run.js:218:40)
    at _runTest (C:\React Practice\blinkist-app\node_modules\jest-circus\build\run.js:155:3)
    at _runTestsForDescribeBlock (C:\React Practice\blinkist-app\node_modules\jest-circus\build\run.js:66:9)
    at _runTestsForDescribeBlock (C:\React Practice\blinkist-app\node_modules\jest-circus\build\run.js:60:9)
    at run (C:\React Practice\blinkist-app\node_modules\jest-circus\build\run.js:25:3)
    at runAndTransformResultsToJestFormat (C:\React Practice\blinkist-app\node_modules\jest-circus\build\legacy-code-todo-rewrite\jestAdapterInit.js:170:21)
    at jestAdapter (C:\React Practice\blinkist-app\node_modules\jest-circus\build\legacy-code-todo-rewrite\jestAdapter.js:82:19)
    at runTestInternal (C:\React Practice\blinkist-app\node_modules\jest-runner\build\runTest.js:389:16)
    at runTest (C:\React Practice\blinkist-app\node_modules\jest-runner\build\runTest.js:475:34)
    at Object.worker (C:\React Practice\blinkist-app\node_modules\jest-runner\build\testWorker.js:133:12)]]></failure>
    </testCase>
  </file>
  <file path="C:\React Practice\blinkist-app\src\components\Templates\index.test.tsx">
    <testCase name="renders learn react link" duration="39">
      <failure message="TestingLibraryElementError: Unable to find an element by: [data-testid=&quot;box&quot;]"><![CDATA[TestingLibraryElementError: Unable to find an element by: [data-testid="box"]

Ignored nodes: comments, <script />, <style />
<body>
  <div>
    <div />
  </div>
</body>
    at Object.getElementError (C:\React Practice\blinkist-app\node_modules\@testing-library\dom\dist\config.js:38:19)
    at C:\React Practice\blinkist-app\node_modules\@testing-library\dom\dist\query-helpers.js:90:38
    at C:\React Practice\blinkist-app\node_modules\@testing-library\dom\dist\query-helpers.js:62:17
    at getByTestId (C:\React Practice\blinkist-app\node_modules\@testing-library\dom\dist\query-helpers.js:111:19)
    at Object.<anonymous> (C:\React Practice\blinkist-app\src\components\Templates\index.test.tsx:10:30)
    at Promise.then.completed (C:\React Practice\blinkist-app\node_modules\jest-circus\build\utils.js:391:28)
    at new Promise (<anonymous>)
    at callAsyncCircusFn (C:\React Practice\blinkist-app\node_modules\jest-circus\build\utils.js:316:10)
    at _callCircusTest (C:\React Practice\blinkist-app\node_modules\jest-circus\build\run.js:218:40)
    at processTicksAndRejections (internal/process/task_queues.js:95:5)
    at _runTest (C:\React Practice\blinkist-app\node_modules\jest-circus\build\run.js:155:3)
    at _runTestsForDescribeBlock (C:\React Practice\blinkist-app\node_modules\jest-circus\build\run.js:66:9)
    at run (C:\React Practice\blinkist-app\node_modules\jest-circus\build\run.js:25:3)
    at runAndTransformResultsToJestFormat (C:\React Practice\blinkist-app\node_modules\jest-circus\build\legacy-code-todo-rewrite\jestAdapterInit.js:170:21)
    at jestAdapter (C:\React Practice\blinkist-app\node_modules\jest-circus\build\legacy-code-todo-rewrite\jestAdapter.js:82:19)
    at runTestInternal (C:\React Practice\blinkist-app\node_modules\jest-runner\build\runTest.js:389:16)
    at runTest (C:\React Practice\blinkist-app\node_modules\jest-runner\build\runTest.js:475:34)
    at Object.worker (C:\React Practice\blinkist-app\node_modules\jest-runner\build\testWorker.js:133:12)]]></failure>
    </testCase>
  </file>
  <file path="C:\React Practice\blinkist-app\src\components\Pages\BookInfo\index.test.tsx">
    <testCase name="Home should render input" duration="2254"/>
    <testCase name="Home should render selected tab 0" duration="2128"/>
    <testCase name="Home should render tab 1" duration="2084"/>
    <testCase name="Home should render tab 2" duration="2061"/>
    <testCase name="Home Finished Reading Button Should not Be Displayed" duration="2051"/>
    <testCase name="Home Finished Reading Button Should not Be Displayed" duration="2052"/>
    <testCase name="Home Button is Clickable and state must be changed" duration="2077">
      <failure message="Error: expect(element).not.toBeInTheDocument()"><![CDATA[Error: expect(element).not.toBeInTheDocument()

expected document not to contain element, found <button class="MuiButton-root MuiButton-contained MuiButton-containedPrimary MuiButton-sizeMedium MuiButton-containedSizeMedium MuiButtonBase-root  css-5te66f-MuiButtonBase-root-MuiButton-root" tabindex="0" type="button">Finished Reading<span class="MuiTouchRipple-root css-8je8zh-MuiTouchRipple-root" /></button> instead
    at Object.<anonymous> (C:\React Practice\blinkist-app\src\components\Pages\BookInfo\index.test.tsx:74:31)]]></failure>
    </testCase>
  </file>
</testExecutions>